desc: --pages-as-heap=yes --massif-out-file=massif.out
cmd: ./build/dexter
time_unit: i
#-----------
snapshot=0
#-----------
time=0
mem_heap_B=8192
mem_heap_extra_B=0
mem_stacks_B=0
heap_tree=empty
#-----------
snapshot=1
#-----------
time=0
mem_heap_B=45056
mem_heap_extra_B=0
mem_stacks_B=0
heap_tree=empty
#-----------
snapshot=2
#-----------
time=0
mem_heap_B=53248
mem_heap_extra_B=0
mem_stacks_B=0
heap_tree=empty
#-----------
snapshot=3
#-----------
time=0
mem_heap_B=61440
mem_heap_extra_B=0
mem_stacks_B=0
heap_tree=empty
#-----------
snapshot=4
#-----------
time=0
mem_heap_B=73728
mem_heap_extra_B=0
mem_stacks_B=0
heap_tree=empty
#-----------
snapshot=5
#-----------
time=0
mem_heap_B=77824
mem_heap_extra_B=0
mem_stacks_B=0
heap_tree=empty
#-----------
snapshot=6
#-----------
time=0
mem_heap_B=225280
mem_heap_extra_B=0
mem_stacks_B=0
heap_tree=empty
#-----------
snapshot=7
#-----------
time=0
mem_heap_B=262144
mem_heap_extra_B=0
mem_stacks_B=0
heap_tree=empty
#-----------
snapshot=8
#-----------
time=0
mem_heap_B=278528
mem_heap_extra_B=0
mem_stacks_B=0
heap_tree=empty
#-----------
snapshot=9
#-----------
time=0
mem_heap_B=282624
mem_heap_extra_B=0
mem_stacks_B=0
heap_tree=detailed
n1: 282624 (page allocation syscalls) mmap/mremap/brk, --alloc-fns, etc.
 n0: 282624 0x0: ???
#-----------
snapshot=10
#-----------
time=0
mem_heap_B=286720
mem_heap_extra_B=0
mem_stacks_B=0
heap_tree=empty
#-----------
snapshot=11
#-----------
time=0
mem_heap_B=299008
mem_heap_extra_B=0
mem_stacks_B=0
heap_tree=empty
#-----------
snapshot=12
#-----------
time=0
mem_heap_B=303104
mem_heap_extra_B=0
mem_stacks_B=0
heap_tree=empty
#-----------
snapshot=13
#-----------
time=0
mem_heap_B=307200
mem_heap_extra_B=0
mem_stacks_B=0
heap_tree=empty
#-----------
snapshot=14
#-----------
time=0
mem_heap_B=307200
mem_heap_extra_B=0
mem_stacks_B=0
heap_tree=detailed
n2: 307200 (page allocation syscalls) mmap/mremap/brk, --alloc-fns, etc.
 n0: 303104 0x0: ???
 n0: 4096 0x4001090: ??? (in /usr/lib/ld-2.33.so)
#-----------
snapshot=15
#-----------
time=0
mem_heap_B=303104
mem_heap_extra_B=0
mem_stacks_B=0
heap_tree=empty
#-----------
snapshot=16
#-----------
time=0
mem_heap_B=303104
mem_heap_extra_B=0
mem_stacks_B=0
heap_tree=empty
#-----------
snapshot=17
#-----------
time=49515
mem_heap_B=323584
mem_heap_extra_B=0
mem_stacks_B=0
heap_tree=empty
#-----------
snapshot=18
#-----------
time=49592
mem_heap_B=327680
mem_heap_extra_B=0
mem_stacks_B=0
heap_tree=empty
#-----------
snapshot=19
#-----------
time=49643
mem_heap_B=331776
mem_heap_extra_B=0
mem_stacks_B=0
heap_tree=empty
#-----------
snapshot=20
#-----------
time=49691
mem_heap_B=339968
mem_heap_extra_B=0
mem_stacks_B=0
heap_tree=empty
#-----------
snapshot=21
#-----------
time=51665
mem_heap_B=561152
mem_heap_extra_B=0
mem_stacks_B=0
heap_tree=empty
#-----------
snapshot=22
#-----------
time=53935
mem_heap_B=569344
mem_heap_extra_B=0
mem_stacks_B=0
heap_tree=empty
#-----------
snapshot=23
#-----------
time=54641
mem_heap_B=2523136
mem_heap_extra_B=0
mem_stacks_B=0
heap_tree=empty
#-----------
snapshot=24
#-----------
time=54735
mem_heap_B=3489792
mem_heap_extra_B=0
mem_stacks_B=0
heap_tree=detailed
n3: 3489792 (page allocation syscalls) mmap/mremap/brk, --alloc-fns, etc.
 n4: 3186688 0x401FC86: mmap (in /usr/lib/ld-2.33.so)
  n1: 1974272 0x400834A: _dl_map_object_from_fd (in /usr/lib/ld-2.33.so)
   n2: 1974272 0x400982C: _dl_map_object (in /usr/lib/ld-2.33.so)
    n1: 1953792 0x400E2F4: openaux (in /usr/lib/ld-2.33.so)
     n1: 1953792 0x401D6ED: _dl_catch_exception (in /usr/lib/ld-2.33.so)
      n1: 1953792 0x400E682: _dl_map_object_deps (in /usr/lib/ld-2.33.so)
       n1: 1953792 0x40041D9: dl_main (in /usr/lib/ld-2.33.so)
        n1: 1953792 0x401C69E: _dl_sysdep_start (in /usr/lib/ld-2.33.so)
         n1: 1953792 0x4002062: _dl_start (in /usr/lib/ld-2.33.so)
          n0: 1953792 0x4001097: ??? (in /usr/lib/ld-2.33.so)
    n0: 20480 in 1 place, below massif's threshold (1.00%)
  n1: 983040 0x400846B: _dl_map_object_from_fd (in /usr/lib/ld-2.33.so)
   n2: 983040 0x400982C: _dl_map_object (in /usr/lib/ld-2.33.so)
    n1: 966656 0x400E2F4: openaux (in /usr/lib/ld-2.33.so)
     n1: 966656 0x401D6ED: _dl_catch_exception (in /usr/lib/ld-2.33.so)
      n1: 966656 0x400E682: _dl_map_object_deps (in /usr/lib/ld-2.33.so)
       n1: 966656 0x40041D9: dl_main (in /usr/lib/ld-2.33.so)
        n1: 966656 0x401C69E: _dl_sysdep_start (in /usr/lib/ld-2.33.so)
         n1: 966656 0x4002062: _dl_start (in /usr/lib/ld-2.33.so)
          n0: 966656 0x4001097: ??? (in /usr/lib/ld-2.33.so)
    n0: 16384 in 1 place, below massif's threshold (1.00%)
  n1: 221184 0x4010C94: _dl_sysdep_read_whole_file (in /usr/lib/ld-2.33.so)
   n1: 221184 0x401812B: _dl_load_cache_lookup (in /usr/lib/ld-2.33.so)
    n1: 221184 0x4009D38: _dl_map_object (in /usr/lib/ld-2.33.so)
     n1: 221184 0x400E2F4: openaux (in /usr/lib/ld-2.33.so)
      n1: 221184 0x401D6ED: _dl_catch_exception (in /usr/lib/ld-2.33.so)
       n1: 221184 0x400E682: _dl_map_object_deps (in /usr/lib/ld-2.33.so)
        n1: 221184 0x40041D9: dl_main (in /usr/lib/ld-2.33.so)
         n1: 221184 0x401C69E: _dl_sysdep_start (in /usr/lib/ld-2.33.so)
          n1: 221184 0x4002062: _dl_start (in /usr/lib/ld-2.33.so)
           n0: 221184 0x4001097: ??? (in /usr/lib/ld-2.33.so)
  n0: 8192 in 1 place, below massif's threshold (1.00%)
 n0: 303104 0x0: ???
 n0: 0 in 1 place, below massif's threshold (1.00%)
#-----------
snapshot=25
#-----------
time=54786
mem_heap_B=3788800
mem_heap_extra_B=0
mem_stacks_B=0
heap_tree=empty
#-----------
snapshot=26
#-----------
time=54834
mem_heap_B=3846144
mem_heap_extra_B=0
mem_stacks_B=0
heap_tree=empty
#-----------
snapshot=27
#-----------
time=55322
mem_heap_B=3858432
mem_heap_extra_B=0
mem_stacks_B=0
heap_tree=empty
#-----------
snapshot=28
#-----------
time=59440
mem_heap_B=5189632
mem_heap_extra_B=0
mem_stacks_B=0
heap_tree=empty
#-----------
snapshot=29
#-----------
time=59534
mem_heap_B=5824512
mem_heap_extra_B=0
mem_stacks_B=0
heap_tree=empty
#-----------
snapshot=30
#-----------
time=59585
mem_heap_B=6447104
mem_heap_extra_B=0
mem_stacks_B=0
heap_tree=empty
#-----------
snapshot=31
#-----------
time=59633
mem_heap_B=6455296
mem_heap_extra_B=0
mem_stacks_B=0
heap_tree=empty
#-----------
snapshot=32
#-----------
time=64153
mem_heap_B=6561792
mem_heap_extra_B=0
mem_stacks_B=0
heap_tree=empty
#-----------
snapshot=33
#-----------
time=64230
mem_heap_B=6631424
mem_heap_extra_B=0
mem_stacks_B=0
heap_tree=empty
#-----------
snapshot=34
#-----------
time=64281
mem_heap_B=6647808
mem_heap_extra_B=0
mem_stacks_B=0
heap_tree=detailed
n3: 6647808 (page allocation syscalls) mmap/mremap/brk, --alloc-fns, etc.
 n4: 6344704 0x401FC86: mmap (in /usr/lib/ld-2.33.so)
  n1: 3411968 0x400834A: _dl_map_object_from_fd (in /usr/lib/ld-2.33.so)
   n2: 3411968 0x400982C: _dl_map_object (in /usr/lib/ld-2.33.so)
    n1: 3391488 0x400E2F4: openaux (in /usr/lib/ld-2.33.so)
     n1: 3391488 0x401D6ED: _dl_catch_exception (in /usr/lib/ld-2.33.so)
      n1: 3391488 0x400E682: _dl_map_object_deps (in /usr/lib/ld-2.33.so)
       n1: 3391488 0x40041D9: dl_main (in /usr/lib/ld-2.33.so)
        n1: 3391488 0x401C69E: _dl_sysdep_start (in /usr/lib/ld-2.33.so)
         n1: 3391488 0x4002062: _dl_start (in /usr/lib/ld-2.33.so)
          n0: 3391488 0x4001097: ??? (in /usr/lib/ld-2.33.so)
    n0: 20480 in 1 place, below massif's threshold (1.00%)
  n1: 2691072 0x400846B: _dl_map_object_from_fd (in /usr/lib/ld-2.33.so)
   n2: 2691072 0x400982C: _dl_map_object (in /usr/lib/ld-2.33.so)
    n1: 2674688 0x400E2F4: openaux (in /usr/lib/ld-2.33.so)
     n1: 2674688 0x401D6ED: _dl_catch_exception (in /usr/lib/ld-2.33.so)
      n1: 2674688 0x400E682: _dl_map_object_deps (in /usr/lib/ld-2.33.so)
       n1: 2674688 0x40041D9: dl_main (in /usr/lib/ld-2.33.so)
        n1: 2674688 0x401C69E: _dl_sysdep_start (in /usr/lib/ld-2.33.so)
         n1: 2674688 0x4002062: _dl_start (in /usr/lib/ld-2.33.so)
          n0: 2674688 0x4001097: ??? (in /usr/lib/ld-2.33.so)
    n0: 16384 in 1 place, below massif's threshold (1.00%)
  n1: 221184 0x4010C94: _dl_sysdep_read_whole_file (in /usr/lib/ld-2.33.so)
   n1: 221184 0x401812B: _dl_load_cache_lookup (in /usr/lib/ld-2.33.so)
    n1: 221184 0x4009D38: _dl_map_object (in /usr/lib/ld-2.33.so)
     n1: 221184 0x400E2F4: openaux (in /usr/lib/ld-2.33.so)
      n1: 221184 0x401D6ED: _dl_catch_exception (in /usr/lib/ld-2.33.so)
       n1: 221184 0x400E682: _dl_map_object_deps (in /usr/lib/ld-2.33.so)
        n1: 221184 0x40041D9: dl_main (in /usr/lib/ld-2.33.so)
         n1: 221184 0x401C69E: _dl_sysdep_start (in /usr/lib/ld-2.33.so)
          n1: 221184 0x4002062: _dl_start (in /usr/lib/ld-2.33.so)
           n0: 221184 0x4001097: ??? (in /usr/lib/ld-2.33.so)
  n0: 20480 in 2 places, all below massif's threshold (1.00%)
 n0: 303104 0x0: ???
 n0: 0 in 1 place, below massif's threshold (1.00%)
#-----------
snapshot=35
#-----------
time=64329
mem_heap_B=6656000
mem_heap_extra_B=0
mem_stacks_B=0
heap_tree=empty
#-----------
snapshot=36
#-----------
time=68705
mem_heap_B=8544256
mem_heap_extra_B=0
mem_stacks_B=0
heap_tree=empty
#-----------
snapshot=37
#-----------
time=68763
mem_heap_B=9904128
mem_heap_extra_B=0
mem_stacks_B=0
heap_tree=empty
#-----------
snapshot=38
#-----------
time=68814
mem_heap_B=10215424
mem_heap_extra_B=0
mem_stacks_B=0
heap_tree=empty
#-----------
snapshot=39
#-----------
time=68862
mem_heap_B=10240000
mem_heap_extra_B=0
mem_stacks_B=0
heap_tree=empty
#-----------
snapshot=40
#-----------
time=69273
mem_heap_B=10276864
mem_heap_extra_B=0
mem_stacks_B=0
heap_tree=empty
#-----------
snapshot=41
#-----------
time=96793
mem_heap_B=10285056
mem_heap_extra_B=0
mem_stacks_B=0
heap_tree=empty
#-----------
snapshot=42
#-----------
time=569139
mem_heap_B=10293248
mem_heap_extra_B=0
mem_stacks_B=0
heap_tree=empty
#-----------
snapshot=43
#-----------
time=3093100
mem_heap_B=10293248
mem_heap_extra_B=0
mem_stacks_B=0
heap_tree=peak
n3: 10293248 (page allocation syscalls) mmap/mremap/brk, --alloc-fns, etc.
 n4: 9990144 0x401FC86: mmap (in /usr/lib/ld-2.33.so)
  n1: 5300224 0x400834A: _dl_map_object_from_fd (in /usr/lib/ld-2.33.so)
   n2: 5300224 0x400982C: _dl_map_object (in /usr/lib/ld-2.33.so)
    n1: 5279744 0x400E2F4: openaux (in /usr/lib/ld-2.33.so)
     n1: 5279744 0x401D6ED: _dl_catch_exception (in /usr/lib/ld-2.33.so)
      n1: 5279744 0x400E682: _dl_map_object_deps (in /usr/lib/ld-2.33.so)
       n1: 5279744 0x40041D9: dl_main (in /usr/lib/ld-2.33.so)
        n1: 5279744 0x401C69E: _dl_sysdep_start (in /usr/lib/ld-2.33.so)
         n1: 5279744 0x4002062: _dl_start (in /usr/lib/ld-2.33.so)
          n0: 5279744 0x4001097: ??? (in /usr/lib/ld-2.33.so)
    n0: 20480 in 1 place, below massif's threshold (1.00%)
  n1: 4395008 0x400846B: _dl_map_object_from_fd (in /usr/lib/ld-2.33.so)
   n2: 4395008 0x400982C: _dl_map_object (in /usr/lib/ld-2.33.so)
    n1: 4378624 0x400E2F4: openaux (in /usr/lib/ld-2.33.so)
     n1: 4378624 0x401D6ED: _dl_catch_exception (in /usr/lib/ld-2.33.so)
      n1: 4378624 0x400E682: _dl_map_object_deps (in /usr/lib/ld-2.33.so)
       n1: 4378624 0x40041D9: dl_main (in /usr/lib/ld-2.33.so)
        n1: 4378624 0x401C69E: _dl_sysdep_start (in /usr/lib/ld-2.33.so)
         n1: 4378624 0x4002062: _dl_start (in /usr/lib/ld-2.33.so)
          n0: 4378624 0x4001097: ??? (in /usr/lib/ld-2.33.so)
    n0: 16384 in 1 place, below massif's threshold (1.00%)
  n1: 221184 0x4010C94: _dl_sysdep_read_whole_file (in /usr/lib/ld-2.33.so)
   n1: 221184 0x401812B: _dl_load_cache_lookup (in /usr/lib/ld-2.33.so)
    n1: 221184 0x4009D38: _dl_map_object (in /usr/lib/ld-2.33.so)
     n1: 221184 0x400E2F4: openaux (in /usr/lib/ld-2.33.so)
      n1: 221184 0x401D6ED: _dl_catch_exception (in /usr/lib/ld-2.33.so)
       n1: 221184 0x400E682: _dl_map_object_deps (in /usr/lib/ld-2.33.so)
        n1: 221184 0x40041D9: dl_main (in /usr/lib/ld-2.33.so)
         n1: 221184 0x401C69E: _dl_sysdep_start (in /usr/lib/ld-2.33.so)
          n1: 221184 0x4002062: _dl_start (in /usr/lib/ld-2.33.so)
           n0: 221184 0x4001097: ??? (in /usr/lib/ld-2.33.so)
  n0: 73728 in 2 places, all below massif's threshold (1.00%)
 n0: 303104 0x0: ???
 n0: 0 in 1 place, below massif's threshold (1.00%)
#-----------
snapshot=44
#-----------
time=3093100
mem_heap_B=10289152
mem_heap_extra_B=0
mem_stacks_B=0
heap_tree=empty
#-----------
snapshot=45
#-----------
time=3095424
mem_heap_B=10207232
mem_heap_extra_B=0
mem_stacks_B=0
heap_tree=empty
